<?xml version="1.0" encoding="UTF-8"?>
<!-- Generated by org.testng.reporters.JUnitReportReporter -->
<testsuite hostname="YORAM" failures="0" tests="1" name="guru99.gittest.AppTest" time="28.565" errors="0" timestamp="06 Nov 2019 11:36:58 GMT" skipped="0">
  <testcase classname="guru99.gittest.AppTest" name="myt" time="28.565"/>
</testsuite> <!-- guru99.gittest.AppTest -->
